d:\projects\c++\crossreferencer\debug\crossreferencer.pch
d:\projects\c++\crossreferencer\debug\vc141.pdb
d:\projects\c++\crossreferencer\debug\vc141.idb
d:\projects\c++\crossreferencer\debug\stdafx.obj
d:\projects\c++\crossreferencer\debug\node.obj
d:\projects\c++\crossreferencer\debug\getword.obj
d:\projects\c++\crossreferencer\debug\getch.obj
d:\projects\c++\crossreferencer\debug\crossreferencer.obj
d:\projects\c++\crossreferencer\debug\alphabinarytree.obj
d:\projects\c++\crossreferencer\debug\strdup.obj
d:\projects\c++\crossreferencer\debug\crossreferencer.lib
d:\projects\c++\crossreferencer\debug\crossreferencer.exp
d:\projects\c++\crossreferencer\debug\crossreferencer.exe
d:\projects\c++\crossreferencer\debug\crossreferencer.ilk
d:\projects\c++\crossreferencer\debug\crossreferencer.pdb
d:\projects\c++\crossreferencer\debug\crossreferencer.tlog\cl.command.1.tlog
d:\projects\c++\crossreferencer\debug\crossreferencer.tlog\cl.read.1.tlog
d:\projects\c++\crossreferencer\debug\crossreferencer.tlog\cl.write.1.tlog
d:\projects\c++\crossreferencer\debug\crossreferencer.tlog\crossreferencer.write.1u.tlog
d:\projects\c++\crossreferencer\debug\crossreferencer.tlog\link.command.1.tlog
d:\projects\c++\crossreferencer\debug\crossreferencer.tlog\link.read.1.tlog
d:\projects\c++\crossreferencer\debug\crossreferencer.tlog\link.write.1.tlog
